<?xml version="1.0" encoding="UTF-8" ?>
<testsuite failures="9" time="10.812" errors="0" skipped="0" tests="9" name="PdrzhLoginNGTest">
  <properties>
[...]
</properties>
  <testcase time="0.013" classname="PdrzhLoginNGTest" name="testCleanup">
    <failure type="java.lang.NullPointerException">java.lang.NullPointerException
	at PdrzhLogin.cleanup(PdrzhLogin.java:231)
	at PdrzhLoginNGTest.testCleanup(PdrzhLoginNGTest.java:155)
</failure>
    <system-out>cleanup
</system-out>
  </testcase>
  <testcase time="0.005" classname="PdrzhLoginNGTest" name="testInput_new_car_value">
    <failure type="java.lang.NullPointerException">java.lang.NullPointerException
	at PdrzhLogin.input_new_car_value(PdrzhLogin.java:123)
	at PdrzhLoginNGTest.testInput_new_car_value(PdrzhLoginNGTest.java:101)
</failure>
    <system-out>input_new_car_value
</system-out>
  </testcase>
  <testcase time="0.002" classname="PdrzhLoginNGTest" name="testLogin">
    <failure type="java.lang.NullPointerException">java.lang.NullPointerException
	at PdrzhLogin.login(PdrzhLogin.java:60)
	at PdrzhLoginNGTest.testLogin(PdrzhLoginNGTest.java:59)
</failure>
    <system-out>login
</system-out>
  </testcase>
  <testcase time="0" classname="PdrzhLoginNGTest" name="testLogout">
    <failure type="java.lang.NullPointerException">java.lang.NullPointerException
	at PdrzhLogin.logout(PdrzhLogin.java:219)
	at PdrzhLoginNGTest.testLogout(PdrzhLoginNGTest.java:143)
</failure>
    <system-out>logout
</system-out>
  </testcase>
  <testcase time="0.001" classname="PdrzhLoginNGTest" name="testOpen_edit_profile">
    <failure type="java.lang.NullPointerException">java.lang.NullPointerException
	at PdrzhLogin.open_edit_profile(PdrzhLogin.java:89)
	at PdrzhLoginNGTest.testOpen_edit_profile(PdrzhLoginNGTest.java:71)
</failure>
    <system-out>open_edit_profile
</system-out>
  </testcase>
  <testcase time="0.001" classname="PdrzhLoginNGTest" name="testOpen_register_car_page">
    <failure type="java.lang.NullPointerException">java.lang.NullPointerException
	at PdrzhLogin.open_register_car_page(PdrzhLogin.java:106)
	at PdrzhLoginNGTest.testOpen_register_car_page(PdrzhLoginNGTest.java:83)
</failure>
    <system-out>open_register_car_page
</system-out>
  </testcase>
  <testcase time="10.143" classname="PdrzhLoginNGTest" name="testOpen_start_page">
    <failure message="The test case is a prototype." type="java.lang.AssertionError">java.lang.AssertionError: The test case is a prototype.
	at org.testng.Assert.fail(Assert.java:94)
	at PdrzhLoginNGTest.testOpen_start_page(PdrzhLoginNGTest.java:47)
</failure>
    <system-out>open_start_page
[LOG] Start page open
</system-out>
  </testcase>
  <testcase time="0" classname="PdrzhLoginNGTest" name="testRegister_car">
    <failure type="java.lang.NullPointerException">java.lang.NullPointerException
	at PdrzhLogin.register_car(PdrzhLogin.java:155)
	at PdrzhLoginNGTest.testRegister_car(PdrzhLoginNGTest.java:119)
</failure>
    <system-out>register_car
</system-out>
  </testcase>
  <testcase time="0" classname="PdrzhLoginNGTest" name="testRemove_car">
    <failure type="java.lang.NullPointerException">java.lang.NullPointerException
	at PdrzhLogin.remove_car(PdrzhLogin.java:205)
	at PdrzhLoginNGTest.testRemove_car(PdrzhLoginNGTest.java:131)
</failure>
    <system-out>remove_car
</system-out>
  </testcase>
</testsuite>