<?xml version="1.0" encoding="UTF-8"?>
<!-- Generated by org.testng.reporters.JUnitXMLReporter -->
<testsuite hostname="EPUAKYIW0467" tests="9" failures="9" timestamp="13 Mar 2014 14:26:54 GMT" time="10.195" errors="0">
  <testcase name="testCleanup" time="0.01" classname="PdrzhLoginNGTest">
    <failure type="java.lang.NullPointerException">
      <![CDATA[java.lang.NullPointerException
	at PdrzhLogin.cleanup(PdrzhLogin.java:231)
	at PdrzhLoginNGTest.testCleanup(PdrzhLoginNGTest.java:155)
... Removed 33 stack frames]]>
    </failure>
  </testcase> <!-- testCleanup -->
  <testcase name="testInput_new_car_value" time="0.006" classname="PdrzhLoginNGTest">
    <failure type="java.lang.NullPointerException">
      <![CDATA[java.lang.NullPointerException
	at PdrzhLogin.input_new_car_value(PdrzhLogin.java:123)
	at PdrzhLoginNGTest.testInput_new_car_value(PdrzhLoginNGTest.java:101)
... Removed 33 stack frames]]>
    </failure>
  </testcase> <!-- testInput_new_car_value -->
  <testcase name="testLogin" time="0.0" classname="PdrzhLoginNGTest">
    <failure type="java.lang.NullPointerException">
      <![CDATA[java.lang.NullPointerException
	at PdrzhLogin.login(PdrzhLogin.java:60)
	at PdrzhLoginNGTest.testLogin(PdrzhLoginNGTest.java:59)
... Removed 33 stack frames]]>
    </failure>
  </testcase> <!-- testLogin -->
  <testcase name="testLogout" time="0.001" classname="PdrzhLoginNGTest">
    <failure type="java.lang.NullPointerException">
      <![CDATA[java.lang.NullPointerException
	at PdrzhLogin.logout(PdrzhLogin.java:219)
	at PdrzhLoginNGTest.testLogout(PdrzhLoginNGTest.java:143)
... Removed 33 stack frames]]>
    </failure>
  </testcase> <!-- testLogout -->
  <testcase name="testOpen_edit_profile" time="0.0" classname="PdrzhLoginNGTest">
    <failure type="java.lang.NullPointerException">
      <![CDATA[java.lang.NullPointerException
	at PdrzhLogin.open_edit_profile(PdrzhLogin.java:89)
	at PdrzhLoginNGTest.testOpen_edit_profile(PdrzhLoginNGTest.java:71)
... Removed 33 stack frames]]>
    </failure>
  </testcase> <!-- testOpen_edit_profile -->
  <testcase name="testOpen_register_car_page" time="0.0" classname="PdrzhLoginNGTest">
    <failure type="java.lang.NullPointerException">
      <![CDATA[java.lang.NullPointerException
	at PdrzhLogin.open_register_car_page(PdrzhLogin.java:106)
	at PdrzhLoginNGTest.testOpen_register_car_page(PdrzhLoginNGTest.java:83)
... Removed 33 stack frames]]>
    </failure>
  </testcase> <!-- testOpen_register_car_page -->
  <testcase name="testOpen_start_page" time="10.138" classname="PdrzhLoginNGTest">
    <failure type="java.lang.AssertionError" message="The test case is a prototype.">
      <![CDATA[java.lang.AssertionError: The test case is a prototype.
	at PdrzhLoginNGTest.testOpen_start_page(PdrzhLoginNGTest.java:47)
... Removed 34 stack frames]]>
    </failure>
  </testcase> <!-- testOpen_start_page -->
  <testcase name="testRegister_car" time="0.0" classname="PdrzhLoginNGTest">
    <failure type="java.lang.NullPointerException">
      <![CDATA[java.lang.NullPointerException
	at PdrzhLogin.register_car(PdrzhLogin.java:155)
	at PdrzhLoginNGTest.testRegister_car(PdrzhLoginNGTest.java:119)
... Removed 33 stack frames]]>
    </failure>
  </testcase> <!-- testRegister_car -->
  <testcase name="testRemove_car" time="0.0" classname="PdrzhLoginNGTest">
    <failure type="java.lang.NullPointerException">
      <![CDATA[java.lang.NullPointerException
	at PdrzhLogin.remove_car(PdrzhLogin.java:205)
	at PdrzhLoginNGTest.testRemove_car(PdrzhLoginNGTest.java:131)
... Removed 33 stack frames]]>
    </failure>
  </testcase> <!-- testRemove_car -->
</testsuite>
