<?xml version="1.0" encoding="UTF-8"?>
<testng-results skipped="0" failed="0" total="1" passed="1">
  <reporter-output>
    <line>
      <![CDATA[Test Completed]]>
    </line>
    <line>
      <![CDATA[LOL]]>
    </line>
    <line>
      <![CDATA[NeLOL]]>
    </line>
  </reporter-output>
  <suite name="Custom suite" duration-ms="21814" started-at="2014-03-21T15:51:04Z" finished-at="2014-03-21T15:51:26Z">
    <groups>
    </groups>
    <test name="PdrzhAtests" duration-ms="21814" started-at="2014-03-21T15:51:04Z" finished-at="2014-03-21T15:51:26Z">
      <class name="com.epam.pdrzh.webdriver.tests.NewCarTest">
        <test-method status="PASS" signature="init()[pri:0, instance:com.epam.pdrzh.webdriver.tests.NewCarTest@f2dec59]" name="init" is-config="true" duration-ms="7692" started-at="2014-03-21T17:51:04Z" finished-at="2014-03-21T17:51:12Z">
          <reporter-output>
          </reporter-output>
        </test-method> <!-- init -->
        <test-method status="PASS" signature="newCarTest(java.lang.String, java.lang.String, java.lang.String, java.lang.String, java.lang.String, java.lang.String, int, int, int)[pri:0, instance:com.epam.pdrzh.webdriver.tests.NewCarTest@f2dec59]" name="newCarTest" duration-ms="13498" started-at="2014-03-21T17:51:12Z" data-provider="carData" finished-at="2014-03-21T17:51:25Z">
          <params>
            <param index="0">
              <value>
                <![CDATA[Red]]>
              </value>
            </param>
            <param index="1">
              <value>
                <![CDATA[BMW]]>
              </value>
            </param>
            <param index="2">
              <value>
                <![CDATA[M5]]>
              </value>
            </param>
            <param index="3">
              <value>
                <![CDATA[2008]]>
              </value>
            </param>
            <param index="4">
              <value>
                <![CDATA[AL1998BM]]>
              </value>
            </param>
            <param index="5">
              <value>
                <![CDATA[4]]>
              </value>
            </param>
            <param index="6">
              <value>
                <![CDATA[1]]>
              </value>
            </param>
            <param index="7">
              <value>
                <![CDATA[1]]>
              </value>
            </param>
            <param index="8">
              <value>
                <![CDATA[1]]>
              </value>
            </param>
          </params>
          <reporter-output>
            <line>
              <![CDATA[Test Completed]]>
            </line>
            <line>
              <![CDATA[LOL]]>
            </line>
            <line>
              <![CDATA[NeLOL]]>
            </line>
          </reporter-output>
        </test-method> <!-- newCarTest -->
        <test-method status="PASS" signature="cleanup()[pri:0, instance:com.epam.pdrzh.webdriver.tests.NewCarTest@f2dec59]" name="cleanup" is-config="true" duration-ms="598" started-at="2014-03-21T17:51:25Z" finished-at="2014-03-21T17:51:26Z">
          <reporter-output>
          </reporter-output>
        </test-method> <!-- cleanup -->
      </class> <!-- com.epam.pdrzh.webdriver.tests.NewCarTest -->
    </test> <!-- PdrzhAtests -->
  </suite> <!-- Custom suite -->
</testng-results>
